[2022-06-14 16:08:28] Текст ошибки: Class "app\controllers\StreamHandler" not found | Файл: /Users/romangulnitskee/Sites/tester/app/controllers/MainController.php, | Строка: 19
====================
[2022-06-14 16:17:28] Текст ошибки: Class "app\controllers\Logger" not found | Файл: /Users/romangulnitskee/Sites/tester/app/controllers/MainController.php, | Строка: 22
====================
[2022-06-14 16:24:23] Текст ошибки: Class "app\controllers\Logger" not found | Файл: /Users/romangulnitskee/Sites/tester/app/controllers/MainController.php, | Строка: 22
====================
[2022-06-14 16:24:25] Текст ошибки: Class "app\controllers\Logger" not found | Файл: /Users/romangulnitskee/Sites/tester/app/controllers/MainController.php, | Строка: 22
====================
[2022-06-14 16:24:25] Текст ошибки: Class "app\controllers\Logger" not found | Файл: /Users/romangulnitskee/Sites/tester/app/controllers/MainController.php, | Строка: 22
====================
[2022-06-14 16:24:26] Текст ошибки: Class "app\controllers\Logger" not found | Файл: /Users/romangulnitskee/Sites/tester/app/controllers/MainController.php, | Строка: 22
====================
[2022-06-14 16:24:26] Текст ошибки: Class "app\controllers\Logger" not found | Файл: /Users/romangulnitskee/Sites/tester/app/controllers/MainController.php, | Строка: 22
====================
[2022-06-14 16:30:59] Текст ошибки: Class "Logger" not found | Файл: /Users/romangulnitskee/Sites/tester/app/controllers/MainController.php, | Строка: 20
====================
[2022-06-14 16:31:02] Текст ошибки: Class "Logger" not found | Файл: /Users/romangulnitskee/Sites/tester/app/controllers/MainController.php, | Строка: 20
====================
[2022-06-14 16:31:02] Текст ошибки: Class "Logger" not found | Файл: /Users/romangulnitskee/Sites/tester/app/controllers/MainController.php, | Строка: 20
====================
[2022-06-14 16:31:02] Текст ошибки: Class "Logger" not found | Файл: /Users/romangulnitskee/Sites/tester/app/controllers/MainController.php, | Строка: 20
====================
[2022-06-14 16:31:03] Текст ошибки: Class "Logger" not found | Файл: /Users/romangulnitskee/Sites/tester/app/controllers/MainController.php, | Строка: 20
====================
[2022-06-14 16:31:03] Текст ошибки: Class "Logger" not found | Файл: /Users/romangulnitskee/Sites/tester/app/controllers/MainController.php, | Строка: 20
====================
[2022-06-14 16:31:03] Текст ошибки: Class "Logger" not found | Файл: /Users/romangulnitskee/Sites/tester/app/controllers/MainController.php, | Строка: 20
====================
[2022-06-14 16:31:03] Текст ошибки: Class "Logger" not found | Файл: /Users/romangulnitskee/Sites/tester/app/controllers/MainController.php, | Строка: 20
====================
[2022-06-14 16:31:03] Текст ошибки: Class "Logger" not found | Файл: /Users/romangulnitskee/Sites/tester/app/controllers/MainController.php, | Строка: 20
====================
[2022-06-14 16:31:03] Текст ошибки: Class "Logger" not found | Файл: /Users/romangulnitskee/Sites/tester/app/controllers/MainController.php, | Строка: 20
====================
[2022-06-14 16:31:03] Текст ошибки: Class "Logger" not found | Файл: /Users/romangulnitskee/Sites/tester/app/controllers/MainController.php, | Строка: 20
====================
[2022-06-14 16:31:50] Текст ошибки: Class "Logger" not found | Файл: /Users/romangulnitskee/Sites/tester/app/controllers/MainController.php, | Строка: 20
====================
[2022-06-14 16:31:50] Текст ошибки: Class "Logger" not found | Файл: /Users/romangulnitskee/Sites/tester/app/controllers/MainController.php, | Строка: 20
====================
[2022-06-14 16:32:31] Текст ошибки: Class "PHPMailer" not found | Файл: /Users/romangulnitskee/Sites/tester/app/controllers/MainController.php, | Строка: 26
====================
[2022-06-14 16:32:32] Текст ошибки: Class "PHPMailer" not found | Файл: /Users/romangulnitskee/Sites/tester/app/controllers/MainController.php, | Строка: 26
====================
[2022-06-14 16:35:19] Текст ошибки: require(vendor/autoload.php): Failed to open stream: No such file or directory | Файл: /Users/romangulnitskee/Sites/tester/app/controllers/MainController.php, | Строка: 4
====================
[2022-06-14 16:35:19] Текст ошибки: Failed opening required 'vendor/autoload.php' (include_path='.:/usr/local/Cellar/php/8.1.5/share/php/pear') | Файл: /Users/romangulnitskee/Sites/tester/app/controllers/MainController.php, | Строка: 4
====================
[2022-06-14 16:35:37] Текст ошибки: require(vendor/autoload.php): Failed to open stream: No such file or directory | Файл: /Users/romangulnitskee/Sites/tester/app/controllers/MainController.php, | Строка: 4
====================
[2022-06-14 16:35:37] Текст ошибки: Failed opening required 'vendor/autoload.php' (include_path='.:/usr/local/Cellar/php/8.1.5/share/php/pear') | Файл: /Users/romangulnitskee/Sites/tester/app/controllers/MainController.php, | Строка: 4
====================
[2022-06-14 16:36:13] Текст ошибки: Class "PHPMailer" not found | Файл: /Users/romangulnitskee/Sites/tester/app/controllers/MainController.php, | Строка: 27
====================
[2022-06-14 16:36:51] Текст ошибки: Class "PHPMailer" not found | Файл: /Users/romangulnitskee/Sites/tester/app/controllers/MainController.php, | Строка: 30
====================
[2022-06-14 16:36:53] Текст ошибки: Class "PHPMailer" not found | Файл: /Users/romangulnitskee/Sites/tester/app/controllers/MainController.php, | Строка: 30
====================
[2022-06-14 16:36:53] Текст ошибки: Class "PHPMailer" not found | Файл: /Users/romangulnitskee/Sites/tester/app/controllers/MainController.php, | Строка: 30
====================
[2022-06-14 16:36:53] Текст ошибки: Class "PHPMailer" not found | Файл: /Users/romangulnitskee/Sites/tester/app/controllers/MainController.php, | Строка: 30
====================
[2022-06-14 16:36:54] Текст ошибки: Class "PHPMailer" not found | Файл: /Users/romangulnitskee/Sites/tester/app/controllers/MainController.php, | Строка: 30
====================
[2022-06-14 16:53:33] Текст ошибки: Class "Logger" not found | Файл: /Users/romangulnitskee/Sites/tester/app/controllers/MainController.php, | Строка: 22
====================
[2022-06-14 16:57:33] Текст ошибки: Class "app\controllers\Logger" not found | Файл: /Users/romangulnitskee/Sites/tester/app/controllers/MainController.php, | Строка: 22
====================
[2022-06-14 16:57:36] Текст ошибки: Class "app\controllers\Logger" not found | Файл: /Users/romangulnitskee/Sites/tester/app/controllers/MainController.php, | Строка: 22
====================
[2022-06-14 16:57:43] Текст ошибки: Class "app\controllers\Logger" not found | Файл: /Users/romangulnitskee/Sites/tester/app/controllers/MainController.php, | Строка: 22
====================
[2022-06-15 13:56:43] Текст ошибки: <p>View <b>/Users/romangulnitskee/Sites/tester/app/views/User/signup.php</b> not found!</p> | Файл: /Users/romangulnitskee/Sites/tester/vendor/fw/core/base/View.php, | Строка: 50
====================
[2022-06-15 13:57:13] Текст ошибки: <p>View <b>/Users/romangulnitskee/Sites/tester/app/views/User/signup.php</b> not found!</p> | Файл: /Users/romangulnitskee/Sites/tester/vendor/fw/core/base/View.php, | Строка: 50
====================
[2022-06-15 13:57:14] Текст ошибки: <p>View <b>/Users/romangulnitskee/Sites/tester/app/views/User/signup.php</b> not found!</p> | Файл: /Users/romangulnitskee/Sites/tester/vendor/fw/core/base/View.php, | Строка: 50
====================
[2022-06-15 13:57:14] Текст ошибки: <p>View <b>/Users/romangulnitskee/Sites/tester/app/views/User/signup.php</b> not found!</p> | Файл: /Users/romangulnitskee/Sites/tester/vendor/fw/core/base/View.php, | Строка: 50
====================
[2022-06-15 13:57:15] Текст ошибки: <p>View <b>/Users/romangulnitskee/Sites/tester/app/views/User/signup.php</b> not found!</p> | Файл: /Users/romangulnitskee/Sites/tester/vendor/fw/core/base/View.php, | Строка: 50
====================
[2022-06-15 13:57:15] Текст ошибки: <p>View <b>/Users/romangulnitskee/Sites/tester/app/views/User/signup.php</b> not found!</p> | Файл: /Users/romangulnitskee/Sites/tester/vendor/fw/core/base/View.php, | Строка: 50
====================
[2022-06-15 13:57:15] Текст ошибки: <p>View <b>/Users/romangulnitskee/Sites/tester/app/views/User/signup.php</b> not found!</p> | Файл: /Users/romangulnitskee/Sites/tester/vendor/fw/core/base/View.php, | Строка: 50
====================
[2022-06-15 13:58:26] Текст ошибки: <p>View <b>/Users/romangulnitskee/Sites/tester/app/views/User/logout.php</b> not found!</p> | Файл: /Users/romangulnitskee/Sites/tester/vendor/fw/core/base/View.php, | Строка: 50
====================
[2022-06-15 13:58:53] Текст ошибки: include(404.html): Failed to open stream: No such file or directory | Файл: /Users/romangulnitskee/Sites/tester/vendor/fw/core/Router.php, | Строка: 80
====================
[2022-06-15 13:58:53] Текст ошибки: include(): Failed opening '404.html' for inclusion (include_path='.:/usr/local/Cellar/php/8.1.5/share/php/pear') | Файл: /Users/romangulnitskee/Sites/tester/vendor/fw/core/Router.php, | Строка: 80
====================
[2022-06-15 13:58:53] Текст ошибки: Страница не найдена | Файл: /Users/romangulnitskee/Sites/tester/vendor/fw/core/Router.php, | Строка: 81
====================
[2022-06-15 13:59:03] Текст ошибки: include(404.html): Failed to open stream: No such file or directory | Файл: /Users/romangulnitskee/Sites/tester/vendor/fw/core/Router.php, | Строка: 80
====================
[2022-06-15 13:59:03] Текст ошибки: include(): Failed opening '404.html' for inclusion (include_path='.:/usr/local/Cellar/php/8.1.5/share/php/pear') | Файл: /Users/romangulnitskee/Sites/tester/vendor/fw/core/Router.php, | Строка: 80
====================
[2022-06-15 13:59:03] Текст ошибки: Страница не найдена | Файл: /Users/romangulnitskee/Sites/tester/vendor/fw/core/Router.php, | Строка: 81
====================
[2022-06-15 13:59:04] Текст ошибки: include(404.html): Failed to open stream: No such file or directory | Файл: /Users/romangulnitskee/Sites/tester/vendor/fw/core/Router.php, | Строка: 80
====================
[2022-06-15 13:59:04] Текст ошибки: include(): Failed opening '404.html' for inclusion (include_path='.:/usr/local/Cellar/php/8.1.5/share/php/pear') | Файл: /Users/romangulnitskee/Sites/tester/vendor/fw/core/Router.php, | Строка: 80
====================
[2022-06-15 13:59:04] Текст ошибки: Страница не найдена | Файл: /Users/romangulnitskee/Sites/tester/vendor/fw/core/Router.php, | Строка: 81
====================
[2022-06-15 13:59:04] Текст ошибки: include(404.html): Failed to open stream: No such file or directory | Файл: /Users/romangulnitskee/Sites/tester/vendor/fw/core/Router.php, | Строка: 80
====================
[2022-06-15 13:59:04] Текст ошибки: include(): Failed opening '404.html' for inclusion (include_path='.:/usr/local/Cellar/php/8.1.5/share/php/pear') | Файл: /Users/romangulnitskee/Sites/tester/vendor/fw/core/Router.php, | Строка: 80
====================
[2022-06-15 13:59:04] Текст ошибки: Страница не найдена | Файл: /Users/romangulnitskee/Sites/tester/vendor/fw/core/Router.php, | Строка: 81
====================
[2022-06-15 13:59:08] Текст ошибки: include(404.html): Failed to open stream: No such file or directory | Файл: /Users/romangulnitskee/Sites/tester/vendor/fw/core/Router.php, | Строка: 80
====================
[2022-06-15 13:59:08] Текст ошибки: include(): Failed opening '404.html' for inclusion (include_path='.:/usr/local/Cellar/php/8.1.5/share/php/pear') | Файл: /Users/romangulnitskee/Sites/tester/vendor/fw/core/Router.php, | Строка: 80
====================
[2022-06-15 13:59:08] Текст ошибки: Страница не найдена | Файл: /Users/romangulnitskee/Sites/tester/vendor/fw/core/Router.php, | Строка: 81
====================
[2022-06-15 13:59:17] Текст ошибки: include(404.html): Failed to open stream: No such file or directory | Файл: /Users/romangulnitskee/Sites/tester/vendor/fw/core/Router.php, | Строка: 80
====================
[2022-06-15 13:59:17] Текст ошибки: include(): Failed opening '404.html' for inclusion (include_path='.:/usr/local/Cellar/php/8.1.5/share/php/pear') | Файл: /Users/romangulnitskee/Sites/tester/vendor/fw/core/Router.php, | Строка: 80
====================
[2022-06-15 13:59:17] Текст ошибки: Страница не найдена | Файл: /Users/romangulnitskee/Sites/tester/vendor/fw/core/Router.php, | Строка: 81
====================
[2022-06-15 13:59:17] Текст ошибки: include(404.html): Failed to open stream: No such file or directory | Файл: /Users/romangulnitskee/Sites/tester/vendor/fw/core/Router.php, | Строка: 80
====================
[2022-06-15 13:59:17] Текст ошибки: include(): Failed opening '404.html' for inclusion (include_path='.:/usr/local/Cellar/php/8.1.5/share/php/pear') | Файл: /Users/romangulnitskee/Sites/tester/vendor/fw/core/Router.php, | Строка: 80
====================
[2022-06-15 13:59:17] Текст ошибки: Страница не найдена | Файл: /Users/romangulnitskee/Sites/tester/vendor/fw/core/Router.php, | Строка: 81
====================
[2022-06-15 13:59:17] Текст ошибки: include(404.html): Failed to open stream: No such file or directory | Файл: /Users/romangulnitskee/Sites/tester/vendor/fw/core/Router.php, | Строка: 80
====================
[2022-06-15 13:59:17] Текст ошибки: include(): Failed opening '404.html' for inclusion (include_path='.:/usr/local/Cellar/php/8.1.5/share/php/pear') | Файл: /Users/romangulnitskee/Sites/tester/vendor/fw/core/Router.php, | Строка: 80
====================
[2022-06-15 13:59:17] Текст ошибки: Страница не найдена | Файл: /Users/romangulnitskee/Sites/tester/vendor/fw/core/Router.php, | Строка: 81
====================
[2022-06-15 13:59:25] Текст ошибки: <p>View <b>/Users/romangulnitskee/Sites/tester/app/views/User/logout.php</b> not found!</p> | Файл: /Users/romangulnitskee/Sites/tester/vendor/fw/core/base/View.php, | Строка: 50
====================
[2022-06-15 14:39:38] Текст ошибки: <p>View <b>/Users/romangulnitskee/Sites/tester/app/views/User/logout.php</b> not found!</p> | Файл: /Users/romangulnitskee/Sites/tester/vendor/fw/core/base/View.php, | Строка: 50
====================
[2022-06-15 15:44:15] Текст ошибки: Class "app\models\User" not found | Файл: /Users/romangulnitskee/Sites/tester/app/controllers/UserController.php, | Строка: 12
====================
[2022-06-15 16:30:11] Текст ошибки: Class "app\models\UserModel" not found | Файл: /Users/romangulnitskee/Sites/tester/app/controllers/UserController.php, | Строка: 13
====================
[2022-06-15 16:32:29] Текст ошибки: Class "app\models\UserModel" not found | Файл: /Users/romangulnitskee/Sites/tester/app/controllers/UserController.php, | Строка: 13
====================
[2022-06-15 16:32:55] Текст ошибки: Class "app\models\UserModel" not found | Файл: /Users/romangulnitskee/Sites/tester/app/controllers/UserController.php, | Строка: 13
====================
[2022-06-20 19:26:13] Текст ошибки: <p>View <b>/Users/romangulnitskee/Sites/tester/app/views/User/logout.php</b> not found!</p> | Файл: /Users/romangulnitskee/Sites/tester/vendor/fw/core/base/View.php, | Строка: 50
====================
[2022-06-20 19:53:07] Текст ошибки: Object of class app\models\User could not be converted to string | Файл: /Users/romangulnitskee/Sites/tester/vendor/fw/core/base/Model.php, | Строка: 40
====================
[2022-06-20 19:53:47] Текст ошибки: Object of class app\models\User could not be converted to string | Файл: /Users/romangulnitskee/Sites/tester/vendor/fw/core/base/Model.php, | Строка: 40
====================
[2022-06-21 08:51:20] Текст ошибки: Plugin 'dispence' does not exist, add this plugin using: R::ext('dispence') | Файл: /Users/romangulnitskee/Sites/tester/vendor/fw/libs/rb-mysql.php, | Строка: 15319
====================
[2022-06-21 09:30:49] Текст ошибки: SQLSTATE[42000]: Syntax error or access violation: 1064 You have an error in your SQL syntax; check the manual that corresponds to your MySQL server version for the right syntax to use near 'LIMIMT 1 LIMIT 1   -- keep-cache' at line 1 | Файл: /Users/romangulnitskee/Sites/tester/vendor/fw/libs/rb-mysql.php, | Строка: 838
====================
[2022-06-21 09:38:53] Текст ошибки: Undefined array key "form_data" | Файл: /Users/romangulnitskee/Sites/tester/app/views/User/signup.php, | Строка: 28
====================
[2022-06-21 09:39:36] Текст ошибки: Undefined array key "form_data" | Файл: /Users/romangulnitskee/Sites/tester/app/views/User/signup.php, | Строка: 28
====================
[2022-06-21 09:39:36] Текст ошибки: Trying to access array offset on value of type null | Файл: /Users/romangulnitskee/Sites/tester/app/views/User/signup.php, | Строка: 28
====================
[2022-06-21 09:39:39] Текст ошибки: Undefined array key "form_data" | Файл: /Users/romangulnitskee/Sites/tester/app/views/User/signup.php, | Строка: 28
====================
[2022-06-21 09:39:39] Текст ошибки: Trying to access array offset on value of type null | Файл: /Users/romangulnitskee/Sites/tester/app/views/User/signup.php, | Строка: 28
====================
[2022-06-21 09:39:41] Текст ошибки: Undefined array key "form_data" | Файл: /Users/romangulnitskee/Sites/tester/app/views/User/signup.php, | Строка: 28
====================
[2022-06-21 09:39:41] Текст ошибки: Trying to access array offset on value of type null | Файл: /Users/romangulnitskee/Sites/tester/app/views/User/signup.php, | Строка: 28
====================
[2022-06-21 09:42:31] Текст ошибки: Undefined array key "form_data" | Файл: /Users/romangulnitskee/Sites/tester/app/views/User/signup.php, | Строка: 28
====================
[2022-06-21 09:42:31] Текст ошибки: Trying to access array offset on value of type null | Файл: /Users/romangulnitskee/Sites/tester/app/views/User/signup.php, | Строка: 28
====================
[2022-06-21 09:42:32] Текст ошибки: Undefined array key "form_data" | Файл: /Users/romangulnitskee/Sites/tester/app/views/User/signup.php, | Строка: 28
====================
[2022-06-21 09:42:32] Текст ошибки: Trying to access array offset on value of type null | Файл: /Users/romangulnitskee/Sites/tester/app/views/User/signup.php, | Строка: 28
====================
[2022-06-21 09:42:33] Текст ошибки: Undefined array key "form_data" | Файл: /Users/romangulnitskee/Sites/tester/app/views/User/signup.php, | Строка: 28
====================
[2022-06-21 09:42:33] Текст ошибки: Trying to access array offset on value of type null | Файл: /Users/romangulnitskee/Sites/tester/app/views/User/signup.php, | Строка: 28
====================
[2022-06-21 09:42:33] Текст ошибки: Undefined array key "form_data" | Файл: /Users/romangulnitskee/Sites/tester/app/views/User/signup.php, | Строка: 28
====================
[2022-06-21 09:42:33] Текст ошибки: Trying to access array offset on value of type null | Файл: /Users/romangulnitskee/Sites/tester/app/views/User/signup.php, | Строка: 28
====================
[2022-06-21 18:53:18] Текст ошибки: <p>View <b>/Users/romangulnitskee/Sites/tester/app/views/PostsNew/testpage.php</b> not found!</p> | Файл: /Users/romangulnitskee/Sites/tester/vendor/fw/core/base/View.php, | Строка: 51
====================
[2022-08-02 14:07:05] Текст ошибки: Could not connect to database (nodocker_db). | Файл: /Users/romangulnitskee/Sites/tester/vendor/fw/libs/rb-mysql.php, | Строка: 1105
====================
